<?xml version="1.0" encoding="UTF-8"?>
<!-- Generated by org.testng.reporters.JUnitReportReporter -->
<testsuite skipped="0" hostname="DESKTOP-ADGCHK6" name="com.ebanking.master.Sgrid" tests="2" failures="0" timestamp="2025-03-05T18:05:10 IST" time="64.374" errors="0">
  <testcase name="Grid" time="27.736" classname="com.ebanking.master.Sgrid"/>
  <system-out/>
  <testcase name="Grid" time="36.638" classname="com.ebanking.master.Sgrid"/>
  <system-out/>
</testsuite> <!-- com.ebanking.master.Sgrid -->
