<?xml version="1.0" encoding="UTF-8"?>
<!-- Generated by org.testng.reporters.JUnitReportReporter -->
<testsuite skipped="0" hostname="DESKTOP-ADGCHK6" name="com.ebanking.scripts.SampleNG" tests="2" failures="0" timestamp="2025-02-18T16:14:19 IST" time="6.846" errors="0">
  <testcase name="abc" time="3.974" classname="com.ebanking.scripts.SampleNG"/>
  <system-out/>
  <testcase name="bcd" time="2.872" classname="com.ebanking.scripts.SampleNG"/>
  <system-out/>
</testsuite> <!-- com.ebanking.scripts.SampleNG -->
