<?xml version="1.0" encoding="UTF-8"?>
<!-- Generated by org.testng.reporters.JUnitReportReporter -->
<testsuite skipped="0" hostname="DESKTOP-ADGCHK6" name="com.ebanking.master.RoleNG" tests="3" failures="0" timestamp="2025-02-19T17:00:24 IST" time="31.141" errors="0">
  <testcase name="Rol" time="10.503" classname="com.ebanking.master.RoleNG"/>
  <system-out/>
  <testcase name="Rol" time="10.263" classname="com.ebanking.master.RoleNG"/>
  <system-out/>
  <testcase name="Rol" time="10.375" classname="com.ebanking.master.RoleNG"/>
  <system-out/>
</testsuite> <!-- com.ebanking.master.RoleNG -->
