<?xml version="1.0" encoding="UTF-8"?>
<!-- Generated by org.testng.reporters.JUnitReportReporter -->
<testsuite skipped="0" hostname="DESKTOP-ADGCHK6" name="com.ebanking.master.Exepom" tests="3" failures="0" timestamp="2025-02-21T16:46:00 IST" time="59.417" errors="0">
  <testcase name="Role" time="20.002" classname="com.ebanking.master.Exepom"/>
  <system-out/>
  <testcase name="Role" time="19.703" classname="com.ebanking.master.Exepom"/>
  <system-out/>
  <testcase name="Role" time="19.712" classname="com.ebanking.master.Exepom"/>
  <system-out/>
</testsuite> <!-- com.ebanking.master.Exepom -->
